<?xml version="1.0" encoding="UTF-8"?>
<testng-results skipped="0" failed="0" total="1" passed="1">
  <reporter-output>
  </reporter-output>
  <suite name="Default suite" duration-ms="1715" started-at="2019-07-21T17:00:39Z" finished-at="2019-07-21T17:00:40Z">
    <groups>
    </groups>
    <test name="Default test" duration-ms="1715" started-at="2019-07-21T17:00:39Z" finished-at="2019-07-21T17:00:40Z">
      <class name="com.qa.tests.PostAPITests">
        <test-method status="PASS" signature="setUp()[pri:0, instance:com.qa.tests.PostAPITests@6d8a00e3]" name="setUp" is-config="true" duration-ms="13" started-at="2019-07-21T22:30:39Z" finished-at="2019-07-21T22:30:39Z">
          <reporter-output>
          </reporter-output>
        </test-method> <!-- setUp -->
        <test-method status="PASS" signature="postUrl()[pri:0, instance:com.qa.tests.PostAPITests@6d8a00e3]" name="postUrl" duration-ms="1679" started-at="2019-07-21T22:30:39Z" finished-at="2019-07-21T22:30:40Z">
          <reporter-output>
          </reporter-output>
        </test-method> <!-- postUrl -->
      </class> <!-- com.qa.tests.PostAPITests -->
    </test> <!-- Default test -->
  </suite> <!-- Default suite -->
</testng-results>
